[31merror[39m: User already exists
[31merror[39m: User already exists
[31merror[39m: User already exists
[31merror[39m: User already exists
[31merror[39m: User already exists
[31merror[39m: User already exists
[31merror[39m: User already exists
[31merror[39m: Error sending email id: 
[31merror[39m: Error sending email: 
[31merror[39m: Error sending email: 
[31merror[39m: User already exists
[31merror[39m: User already exists
[31merror[39m: User already exists
[31merror[39m: User already exists
[31merror[39m: User already exists
[31merror[39m: User already exists
[31merror[39m: User already exists
[31merror[39m: User already exists
[31merror[39m: User already exists
[31merror[39m: Login Failed
[31merror[39m: Login Failed
[31merror[39m: Login Failed
[31merror[39m: Login Failed
[31merror[39m: Login Failed
[31merror[39m: Login Failed
[31merror[39m: User already exists
[31merror[39m: Incorrect Password
[31merror[39m: User already exists
[31merror[39m: User already exists
[31merror[39m: Login Failed
